0 info it worked if it ends with ok
1 verbose cli [ '/usr/local/bin/node', '/usr/local/bin/npm', 'start' ]
2 info using npm@3.10.10
3 info using node@v6.11.3
4 verbose run-script [ 'prestart', 'start', 'poststart' ]
5 info lifecycle dropboxserver@0.0.0~prestart: dropboxserver@0.0.0
6 silly lifecycle dropboxserver@0.0.0~prestart: no script for prestart, continuing
7 info lifecycle dropboxserver@0.0.0~start: dropboxserver@0.0.0
8 verbose lifecycle dropboxserver@0.0.0~start: unsafe-perm in lifecycle true
9 verbose lifecycle dropboxserver@0.0.0~start: PATH: /usr/local/lib/node_modules/npm/bin/node-gyp-bin:/Users/AnshumanTripathi/WebstormProjects/Dropbox/dropboxserver/node_modules/.bin:/Users/AnshumanTripathi/Downloads/google-cloud-sdk/bin:/usr/local/bin:/usr/bin:/bin:/usr/sbin:/sbin:/Users/AnshumanTripathi/MongoDB/mongodb-osx-x86_64-3.2.10/bin:/Users/AnshumanTripathi/Library/android-sdks/platform-tools/:/Users/AnshumanTripathi/Library/Android/sdk/platform-tools/:/Users/AnshumanTripathi/datastax-ddc-3.9.0/bin:/Users/AnshumanTripathi/spark-2.0.0-bin-hadoop2.7/bin:/Users/AnshumanTripathi/apache-maven-3.3.9/bin:/usr/local/Cellar/mysql/5.7.19/bin:/usr/local/redis-3.2.5/src:/usr/local/lib/node_modules
10 verbose lifecycle dropboxserver@0.0.0~start: CWD: /Users/AnshumanTripathi/WebstormProjects/Dropbox/dropboxserver
11 silly lifecycle dropboxserver@0.0.0~start: Args: [ '-c', 'node ./bin/www' ]
12 silly lifecycle dropboxserver@0.0.0~start: Returned: code: 1  signal: null
13 info lifecycle dropboxserver@0.0.0~start: Failed to exec start script
14 verbose stack Error: dropboxserver@0.0.0 start: `node ./bin/www`
14 verbose stack Exit status 1
14 verbose stack     at EventEmitter.<anonymous> (/usr/local/lib/node_modules/npm/lib/utils/lifecycle.js:255:16)
14 verbose stack     at emitTwo (events.js:106:13)
14 verbose stack     at EventEmitter.emit (events.js:191:7)
14 verbose stack     at ChildProcess.<anonymous> (/usr/local/lib/node_modules/npm/lib/utils/spawn.js:40:14)
14 verbose stack     at emitTwo (events.js:106:13)
14 verbose stack     at ChildProcess.emit (events.js:191:7)
14 verbose stack     at maybeClose (internal/child_process.js:920:16)
14 verbose stack     at Process.ChildProcess._handle.onexit (internal/child_process.js:230:5)
15 verbose pkgid dropboxserver@0.0.0
16 verbose cwd /Users/AnshumanTripathi/WebstormProjects/Dropbox/dropboxserver
17 error Darwin 16.7.0
18 error argv "/usr/local/bin/node" "/usr/local/bin/npm" "start"
19 error node v6.11.3
20 error npm  v3.10.10
21 error code ELIFECYCLE
22 error dropboxserver@0.0.0 start: `node ./bin/www`
22 error Exit status 1
23 error Failed at the dropboxserver@0.0.0 start script 'node ./bin/www'.
23 error Make sure you have the latest version of node.js and npm installed.
23 error If you do, this is most likely a problem with the dropboxserver package,
23 error not with npm itself.
23 error Tell the author that this fails on your system:
23 error     node ./bin/www
23 error You can get information on how to open an issue for this project with:
23 error     npm bugs dropboxserver
23 error Or if that isn't available, you can get their info via:
23 error     npm owner ls dropboxserver
23 error There is likely additional logging output above.
24 verbose exit [ 1, true ]
